<?xml version="1.0" encoding="UTF-8"?>
<!-- Generated by org.testng.reporters.JUnitReportReporter -->
<testsuite skipped="0" hostname="maashree-PC" name="home.testing" tests="1" failures="0" timestamp="01 Feb 2020 07:39:01 GMT" time="0.015" errors="0">
  <testcase name="run" time="0.015" classname="home.testing"/>
</testsuite> <!-- home.testing -->
